<?xml version="1.0" encoding="UTF-8" ?>
<testsuite tests="29" failures="0" name="main.SuiteTest" time="4.102" errors="0" skipped="0">
  <properties>
    <property name="java.runtime.name" value="Java(TM) SE Runtime Environment"/>
    <property name="java.vm.version" value="11.0.10+8-LTS-162"/>
    <property name="sun.boot.library.path" value="C:\Program Files\Java\jdk-11.0.10\bin"/>
    <property name="maven.multiModuleProjectDirectory" value="C:\workspace\crud-user-sefaz"/>
    <property name="java.vm.vendor" value="Oracle Corporation"/>
    <property name="java.vendor.url" value="https://openjdk.java.net/"/>
    <property name="guice.disable.misplaced.annotation.check" value="true"/>
    <property name="path.separator" value=";"/>
    <property name="java.vm.name" value="Java HotSpot(TM) 64-Bit Server VM"/>
    <property name="sun.os.patch.level" value=""/>
    <property name="user.script" value=""/>
    <property name="user.country" value="BR"/>
    <property name="sun.java.launcher" value="SUN_STANDARD"/>
    <property name="java.vm.specification.name" value="Java Virtual Machine Specification"/>
    <property name="user.dir" value="C:\workspace\crud-user-sefaz"/>
    <property name="java.vm.compressedOopsMode" value="32-bit"/>
    <property name="java.runtime.version" value="11.0.10+8-LTS-162"/>
    <property name="java.awt.graphicsenv" value="sun.awt.Win32GraphicsEnvironment"/>
    <property name="os.arch" value="amd64"/>
    <property name="java.io.tmpdir" value="C:\Users\andre\AppData\Local\Temp\"/>
    <property name="line.separator" value="
"/>
    <property name="java.vm.specification.vendor" value="Oracle Corporation"/>
    <property name="user.variant" value=""/>
    <property name="os.name" value="Windows 10"/>
    <property name="classworlds.conf" value="C:\workspace\.metadata\.plugins\org.eclipse.m2e.launching\launches\m2conf4251445899551914597.tmp"/>
    <property name="sun.jnu.encoding" value="Cp1252"/>
    <property name="java.library.path" value="C:\Program Files\Java\jdk-11.0.10\bin;C:\Windows\Sun\Java\bin;C:\Windows\system32;C:\Windows;C:/eclipse//plugins/org.eclipse.justj.openjdk.hotspot.jre.full.win32.x86_64_15.0.1.v20201027-0507/jre/bin/server;C:/eclipse//plugins/org.eclipse.justj.openjdk.hotspot.jre.full.win32.x86_64_15.0.1.v20201027-0507/jre/bin;C:\Program Files\Common Files\Oracle\Java\javapath;C:\Windows\system32;C:\Windows;C:\Windows\System32\Wbem;C:\Windows\System32\WindowsPowerShell\v1.0\;C:\Windows\System32\OpenSSH\;C:\Program Files\nodejs\;C:\Program Files\Git\cmd;C:\Program Files\Java\jdk-11.0.10\bin;C:\Program Files\MySQL\MySQL Shell 8.0\bin\;C:\Users\andre\AppData\Local\Microsoft\WindowsApps;C:\Users\andre\AppData\Roaming\npm;C:\Users\andre\AppData\Local\Programs\Microsoft VS Code\bin;C:\eclipse;;."/>
    <property name="jdk.debug" value="release"/>
    <property name="java.class.version" value="55.0"/>
    <property name="java.specification.name" value="Java Platform API Specification"/>
    <property name="sun.management.compiler" value="HotSpot 64-Bit Tiered Compilers"/>
    <property name="os.version" value="10.0"/>
    <property name="user.home" value="C:\Users\andre"/>
    <property name="user.timezone" value="America/Sao_Paulo"/>
    <property name="java.awt.printerjob" value="sun.awt.windows.WPrinterJob"/>
    <property name="file.encoding" value="Cp1252"/>
    <property name="java.specification.version" value="11"/>
    <property name="user.name" value="andre"/>
    <property name="java.class.path" value="C:\eclipse\plugins\org.eclipse.m2e.maven.runtime_1.16.0.20200610-1735\jars\plexus-classworlds-2.6.0.jar"/>
    <property name="java.vm.specification.version" value="11"/>
    <property name="sun.arch.data.model" value="64"/>
    <property name="sun.java.command" value="org.codehaus.plexus.classworlds.launcher.Launcher -B install"/>
    <property name="java.home" value="C:\Program Files\Java\jdk-11.0.10"/>
    <property name="user.language" value="pt"/>
    <property name="java.specification.vendor" value="Oracle Corporation"/>
    <property name="awt.toolkit" value="sun.awt.windows.WToolkit"/>
    <property name="java.vm.info" value="mixed mode"/>
    <property name="java.version" value="11.0.10"/>
    <property name="java.vendor" value="Oracle Corporation"/>
    <property name="maven.home" value="C:\workspace\crud-user-sefaz\EMBEDDED"/>
    <property name="file.separator" value="\"/>
    <property name="java.version.date" value="2021-01-19"/>
    <property name="java.vendor.url.bug" value="https://bugreport.java.com/bugreport/"/>
    <property name="sun.io.unicode.encoding" value="UnicodeLittle"/>
    <property name="sun.cpu.endian" value="little"/>
    <property name="java.vendor.version" value="18.9"/>
    <property name="sun.desktop" value="windows"/>
    <property name="sun.cpu.isalist" value="amd64"/>
  </properties>
  <testcase classname="domain.dao.JpaUtilUnitTest" name="must_pass_when_get_a_entity_manager" time="0.174"/>
  <testcase classname="domain.dao.UserDaoImplSuccessUnitTest" name="a_must_pass_when_save_a_user" time="0.291"/>
  <testcase classname="domain.dao.UserDaoImplSuccessUnitTest" name="b_must_return_true_when_find_all_users" time="0.152"/>
  <testcase classname="domain.dao.UserDaoImplSuccessUnitTest" name="c_must_pass_when_find_a_user_by_id" time="0.22"/>
  <testcase classname="domain.dao.UserDaoImplSuccessUnitTest" name="d_must_pass_when_find_a_user_by_name" time="0.132"/>
  <testcase classname="domain.dao.UserDaoImplSuccessUnitTest" name="e_must_pass_when_find_a_user_by_email" time="0.134"/>
  <testcase classname="domain.dao.UserDaoImplSuccessUnitTest" name="f_must_pass_when_find_a_user_by_email_and_password" time="0.121"/>
  <testcase classname="domain.dao.UserDaoImplSuccessUnitTest" name="g_must_return_true_when_remove_a_user" time="0.306"/>
  <testcase classname="domain.dao.UserDaoImplFlawsUnitTest" name="a_must_return_null_when_save_a_user_null" time="0.187"/>
  <testcase classname="domain.dao.UserDaoImplFlawsUnitTest" name="b_must_return_null_when_save_a_user_with_fields_null" time="0.097"/>
  <testcase classname="domain.dao.UserDaoImplFlawsUnitTest" name="c_must_return_null_when_find_a_user_with_id_nonexistent" time="0.104"/>
  <testcase classname="domain.dao.UserDaoImplFlawsUnitTest" name="d_must_fail_when_find_a_user_with_name_nonexistent" time="0.106"/>
  <testcase classname="domain.dao.UserDaoImplFlawsUnitTest" name="e_must_fail_when_find_a_user_with_email_nonexistent" time="0.099"/>
  <testcase classname="domain.dao.UserDaoImplFlawsUnitTest" name="f_must_fail_when_find_a_user_with_email_and_or_password_nonexistent" time="0.145"/>
  <testcase classname="domain.dao.UserDaoImplFlawsUnitTest" name="g_must_return_null_when_remove_a_user_with_id_nonexistent" time="0.118"/>
  <testcase classname="domain.service.UserServiceSuccessUnitTest" name="a_must_return_a_user_when_save" time="0.212"/>
  <testcase classname="domain.service.UserServiceSuccessUnitTest" name="b_must_return_a_user_when_find_user_by_id" time="0.221"/>
  <testcase classname="domain.service.UserServiceSuccessUnitTest" name="c_must_return_a_list_od_user_when_find_all" time="0.115"/>
  <testcase classname="domain.service.UserServiceSuccessUnitTest" name="d_must_return_a_user_when_find_user_by_name" time="0.096"/>
  <testcase classname="domain.service.UserServiceSuccessUnitTest" name="e_must_return_a_user_when_find_user_by_email" time="0.065"/>
  <testcase classname="domain.service.UserServiceSuccessUnitTest" name="f_must_return_true_when_email_and_password_is_correct" time="0.055"/>
  <testcase classname="domain.service.UserServiceSuccessUnitTest" name="g_must_return_true_when_delete_a_user" time="0.223"/>
  <testcase classname="domain.service.UserServiceFlawsUnitTest" name="a_must_fail_when_save_a_user_null" time="0.081"/>
  <testcase classname="domain.service.UserServiceFlawsUnitTest" name="b_must_fail_when_save_a_user_with_one_or_more_fields_null" time="0.048"/>
  <testcase classname="domain.service.UserServiceFlawsUnitTest" name="c_must_fail_when_find_a_user_noexistent" time="0.074"/>
  <testcase classname="domain.service.UserServiceFlawsUnitTest" name="d_must_fail_when_find_a_user_with_name_nonexistent" time="0.065"/>
  <testcase classname="domain.service.UserServiceFlawsUnitTest" name="e_must_fail_when_find_a_user_with_email_nonexistent" time="0.151"/>
  <testcase classname="domain.service.UserServiceFlawsUnitTest" name="f_must_return_false_when_find_a_user_with_email_and_or_password_nonexistent" time="0.192"/>
  <testcase classname="domain.service.UserServiceFlawsUnitTest" name="g_must_fail_when_remove_a_user_with_id_nonexistent" time="0.118"/>
</testsuite>